0 info it worked if it ends with ok
1 verbose cli [ 'node', '/usr/local/bin/npm', 'install', 'iron-router' ]
2 info using npm@1.4.14
3 info using node@v0.10.29
4 verbose cache add [ 'iron-router', null ]
5 verbose cache add name=undefined spec="iron-router" args=["iron-router",null]
6 verbose parsed url { protocol: null,
6 verbose parsed url   slashes: null,
6 verbose parsed url   auth: null,
6 verbose parsed url   host: null,
6 verbose parsed url   port: null,
6 verbose parsed url   hostname: null,
6 verbose parsed url   hash: null,
6 verbose parsed url   search: null,
6 verbose parsed url   query: null,
6 verbose parsed url   pathname: 'iron-router',
6 verbose parsed url   path: 'iron-router',
6 verbose parsed url   href: 'iron-router' }
7 silly lockFile 3941b13a-iron-router iron-router
8 verbose lock iron-router /Users/madeleke13/.npm/3941b13a-iron-router.lock
9 silly lockFile 3941b13a-iron-router iron-router
10 silly lockFile 3941b13a-iron-router iron-router
11 verbose addNamed [ 'iron-router', '' ]
12 verbose addNamed [ null, '*' ]
13 silly lockFile 9fa0f54c-iron-router iron-router@
14 verbose lock iron-router@ /Users/madeleke13/.npm/9fa0f54c-iron-router.lock
15 silly addNameRange { name: 'iron-router', range: '*', hasData: false }
16 verbose url raw iron-router
17 verbose url resolving [ 'https://registry.npmjs.org/', './iron-router' ]
18 verbose url resolved https://registry.npmjs.org/iron-router
19 info trying registry request attempt 1 at 17:35:25
20 http GET https://registry.npmjs.org/iron-router
21 http 404 https://registry.npmjs.org/iron-router
22 verbose headers { date: 'Sun, 03 Aug 2014 21:35:26 GMT',
22 verbose headers   server: 'CouchDB/1.5.0 (Erlang OTP/R16B03)',
22 verbose headers   'content-type': 'application/json',
22 verbose headers   'cache-control': 'max-age=0',
22 verbose headers   'content-length': '52',
22 verbose headers   'accept-ranges': 'bytes',
22 verbose headers   via: '1.1 varnish',
22 verbose headers   age: '0',
22 verbose headers   'x-served-by': 'cache-jfk1022-JFK',
22 verbose headers   'x-cache': 'MISS',
22 verbose headers   'x-cache-hits': '0',
22 verbose headers   'x-timer': 'S1407101726.753455,VS0,VE20',
22 verbose headers   'keep-alive': 'timeout=10, max=50',
22 verbose headers   connection: 'Keep-Alive' }
23 silly registry.get cb [ 404,
23 silly registry.get   { date: 'Sun, 03 Aug 2014 21:35:26 GMT',
23 silly registry.get     server: 'CouchDB/1.5.0 (Erlang OTP/R16B03)',
23 silly registry.get     'content-type': 'application/json',
23 silly registry.get     'cache-control': 'max-age=0',
23 silly registry.get     'content-length': '52',
23 silly registry.get     'accept-ranges': 'bytes',
23 silly registry.get     via: '1.1 varnish',
23 silly registry.get     age: '0',
23 silly registry.get     'x-served-by': 'cache-jfk1022-JFK',
23 silly registry.get     'x-cache': 'MISS',
23 silly registry.get     'x-cache-hits': '0',
23 silly registry.get     'x-timer': 'S1407101726.753455,VS0,VE20',
23 silly registry.get     'keep-alive': 'timeout=10, max=50',
23 silly registry.get     connection: 'Keep-Alive' } ]
24 silly lockFile 9fa0f54c-iron-router iron-router@
25 silly lockFile 9fa0f54c-iron-router iron-router@
26 error 404 404 Not Found: iron-router
26 error 404
26 error 404 'iron-router' is not in the npm registry.
26 error 404 You should bug the author to publish it
26 error 404
26 error 404 Note that you can also install from a
26 error 404 tarball, folder, or http url, or git url.
27 error System Darwin 10.8.0
28 error command "node" "/usr/local/bin/npm" "install" "iron-router"
29 error cwd /Users/madeleke13/Projects/microscope
30 error node -v v0.10.29
31 error npm -v 1.4.14
32 error code E404
33 verbose exit [ 1, true ]
